<?xml version="1.0" encoding="UTF-8" standalone="no"?><testsuite errors="4" failures="0" name="Login User" skipped="0" tests="4" time="33.36" timestamp="2023-06-07 08:12:51"><testcase name="Successful Login"><error message="Could not instantiate new WebDriver instance of type class io.appium.java_client.AppiumDriver (Could not start a new session. Response code 500. Message: An unknown server-side error occurred while processing the command. Original error: Could not proxy command to the remote server. Original error: socket hang up&#10;Build info: version: '4.1.1', revision: 'e8fcc2cecf'&#10;System info: host: 'MacBook-Pro-de-MacBook.local', ip: 'fe80:0:0:0:e8:6f1a:a2f1:a05b%en0', os.name: 'Mac OS X', os.arch: 'x86_64', os.version: '13.3.1', java.version: '17.0.4.1'&#10;Driver info: io.appium.java_client.android.AndroidDriver&#10;Command: [null, newSession {capabilities=[{appium:appActivity=com.conduitreactnative.SplashActivity, appium:appPackage=com.conduitreactnative.qa, appium:automationName=uiautomator2, appium:deviceName=AutomationTesting, appium:hub=http://localhost:4723/wd/hub, appium:newCommandTimeout=1000, platformName=Android, appium:platformVersion=11.0}], desiredCapabilities=Capabilities {appActivity: com.conduitreactnative.Spla..., appPackage: com.conduitreactnative.qa, automationName: uiautomator2, deviceName: AutomationTesting, hub: http://localhost:4723/wd/hub, newCommandTimeout: 1000, platformName: Android, platformVersion: 11.0}}]&#10;Capabilities {}). See below for more details." type="net.thucydides.core.webdriver.DriverConfigurationError">Could not instantiate new WebDriver instance of type class io.appium.java_client.AppiumDriver (Could not start a new session. Response code 500. Message: An unknown server-side error occurred while processing the command. Original error: Could not proxy command to the remote server. Original error: socket hang up
Build info: version: '4.1.1', revision: 'e8fcc2cecf'
System info: host: 'MacBook-Pro-de-MacBook.local', ip: 'fe80:0:0:0:e8:6f1a:a2f1:a05b%en0', os.name: 'Mac OS X', os.arch: 'x86_64', os.version: '13.3.1', java.version: '17.0.4.1'
Driver info: io.appium.java_client.android.AndroidDriver
Command: [null, newSession {capabilities=[{appium:appActivity=com.conduitreactnative.SplashActivity, appium:appPackage=com.conduitreactnative.qa, appium:automationName=uiautomator2, appium:deviceName=AutomationTesting, appium:hub=http://localhost:4723/wd/hub, appium:newCommandTimeout=1000, platformName=Android, appium:platformVersion=11.0}], desiredCapabilities=Capabilities {appActivity: com.conduitreactnative.Spla..., appPackage: com.conduitreactnative.qa, automationName: uiautomator2, deviceName: AutomationTesting, hub: http://localhost:4723/wd/hub, newCommandTimeout: 1000, platformName: Android, platformVersion: 11.0}}]
Capabilities {}). See below for more details.</error><system-err>Could not instantiate new WebDriver instance of type class io.appium.java_client.AppiumDriver (Could not start a new session. Response code 500. Message: An unknown server-side error occurred while processing the command. Original error: Could not proxy command to the remote server. Original error: socket hang up
Build info: version: '4.1.1', revision: 'e8fcc2cecf'
System info: host: 'MacBook-Pro-de-MacBook.local', ip: 'fe80:0:0:0:e8:6f1a:a2f1:a05b%en0', os.name: 'Mac OS X', os.arch: 'x86_64', os.version: '13.3.1', java.version: '17.0.4.1'
Driver info: io.appium.java_client.android.AndroidDriver
Command: [null, newSession {capabilities=[{appium:appActivity=com.conduitreactnative.SplashActivity, appium:appPackage=com.conduitreactnative.qa, appium:automationName=uiautomator2, appium:deviceName=AutomationTesting, appium:hub=http://localhost:4723/wd/hub, appium:newCommandTimeout=1000, platformName=Android, appium:platformVersion=11.0}], desiredCapabilities=Capabilities {appActivity: com.conduitreactnative.Spla..., appPackage: com.conduitreactnative.qa, automationName: uiautomator2, deviceName: AutomationTesting, hub: http://localhost:4723/wd/hub, newCommandTimeout: 1000, platformName: Android, platformVersion: 11.0}}]
Capabilities {}). See below for more details.
starter.stepdefinitions.SuccessLoginStepDefinitions.givenUserIsOnLoginScreen(SuccessLoginStepDefinitions.java:25)
io.cucumber.java.Invoker.doInvoke(Invoker.java:66)
io.cucumber.java.Invoker.invoke(Invoker.java:24)
io.cucumber.java.AbstractGlueDefinition.invokeMethod(AbstractGlueDefinition.java:47)
io.cucumber.java.JavaStepDefinition.execute(JavaStepDefinition.java:29)
io.cucumber.core.runner.CoreStepDefinition.execute(CoreStepDefinition.java:66)
io.cucumber.core.runner.PickleStepDefinitionMatch.runStep(PickleStepDefinitionMatch.java:63)
io.cucumber.core.runner.TestStep.executeStep(TestStep.java:86)
io.cucumber.core.runner.TestStep.run(TestStep.java:57)
io.cucumber.core.runner.PickleStepTestStep.run(PickleStepTestStep.java:51)
io.cucumber.core.runner.TestCase.run(TestCase.java:95)
io.cucumber.core.runner.Runner.runPickle(Runner.java:75)
io.cucumber.core.runtime.CucumberExecutionContext.lambda$runTestCase$3(CucumberExecutionContext.java:110)
io.cucumber.core.runtime.RethrowingThrowableCollector.executeAndThrow(RethrowingThrowableCollector.java:23)
io.cucumber.core.runtime.CucumberExecutionContext.runTestCase(CucumberExecutionContext.java:110)
io.cucumber.junit.FeatureRunner.runChild(FeatureRunner.java:144)
io.cucumber.junit.FeatureRunner.runChild(FeatureRunner.java:28)
io.cucumber.junit.FeatureRunner.run(FeatureRunner.java:137)
io.cucumber.junit.CucumberSerenityRunner.runChild(CucumberSerenityRunner.java:259)
io.cucumber.junit.CucumberSerenityRunner.runChild(CucumberSerenityRunner.java:58)
worker.org.gradle.process.internal.worker.GradleWorkerMain.run(GradleWorkerMain.java:69)
worker.org.gradle.process.internal.worker.GradleWorkerMain.main(GradleWorkerMain.java:74)
</system-err></testcase><testcase name="Field Validations email address"><error message="Could not instantiate new WebDriver instance of type class io.appium.java_client.AppiumDriver (Could not start a new session. Response code 500. Message: An unknown server-side error occurred while processing the command. Original error: Could not proxy command to the remote server. Original error: socket hang up&#10;Build info: version: '4.1.1', revision: 'e8fcc2cecf'&#10;System info: host: 'MacBook-Pro-de-MacBook.local', ip: 'fe80:0:0:0:e8:6f1a:a2f1:a05b%en0', os.name: 'Mac OS X', os.arch: 'x86_64', os.version: '13.3.1', java.version: '17.0.4.1'&#10;Driver info: io.appium.java_client.android.AndroidDriver&#10;Command: [null, newSession {capabilities=[{appium:appActivity=com.conduitreactnative.SplashActivity, appium:appPackage=com.conduitreactnative.qa, appium:automationName=uiautomator2, appium:deviceName=AutomationTesting, appium:hub=http://localhost:4723/wd/hub, appium:newCommandTimeout=1000, platformName=Android, appium:platformVersion=11.0}], desiredCapabilities=Capabilities {appActivity: com.conduitreactnative.Spla..., appPackage: com.conduitreactnative.qa, automationName: uiautomator2, deviceName: AutomationTesting, hub: http://localhost:4723/wd/hub, newCommandTimeout: 1000, platformName: Android, platformVersion: 11.0}}]&#10;Capabilities {}). See below for more details." type="net.thucydides.core.webdriver.DriverConfigurationError">Could not instantiate new WebDriver instance of type class io.appium.java_client.AppiumDriver (Could not start a new session. Response code 500. Message: An unknown server-side error occurred while processing the command. Original error: Could not proxy command to the remote server. Original error: socket hang up
Build info: version: '4.1.1', revision: 'e8fcc2cecf'
System info: host: 'MacBook-Pro-de-MacBook.local', ip: 'fe80:0:0:0:e8:6f1a:a2f1:a05b%en0', os.name: 'Mac OS X', os.arch: 'x86_64', os.version: '13.3.1', java.version: '17.0.4.1'
Driver info: io.appium.java_client.android.AndroidDriver
Command: [null, newSession {capabilities=[{appium:appActivity=com.conduitreactnative.SplashActivity, appium:appPackage=com.conduitreactnative.qa, appium:automationName=uiautomator2, appium:deviceName=AutomationTesting, appium:hub=http://localhost:4723/wd/hub, appium:newCommandTimeout=1000, platformName=Android, appium:platformVersion=11.0}], desiredCapabilities=Capabilities {appActivity: com.conduitreactnative.Spla..., appPackage: com.conduitreactnative.qa, automationName: uiautomator2, deviceName: AutomationTesting, hub: http://localhost:4723/wd/hub, newCommandTimeout: 1000, platformName: Android, platformVersion: 11.0}}]
Capabilities {}). See below for more details.</error><system-err>Could not instantiate new WebDriver instance of type class io.appium.java_client.AppiumDriver (Could not start a new session. Response code 500. Message: An unknown server-side error occurred while processing the command. Original error: Could not proxy command to the remote server. Original error: socket hang up
Build info: version: '4.1.1', revision: 'e8fcc2cecf'
System info: host: 'MacBook-Pro-de-MacBook.local', ip: 'fe80:0:0:0:e8:6f1a:a2f1:a05b%en0', os.name: 'Mac OS X', os.arch: 'x86_64', os.version: '13.3.1', java.version: '17.0.4.1'
Driver info: io.appium.java_client.android.AndroidDriver
Command: [null, newSession {capabilities=[{appium:appActivity=com.conduitreactnative.SplashActivity, appium:appPackage=com.conduitreactnative.qa, appium:automationName=uiautomator2, appium:deviceName=AutomationTesting, appium:hub=http://localhost:4723/wd/hub, appium:newCommandTimeout=1000, platformName=Android, appium:platformVersion=11.0}], desiredCapabilities=Capabilities {appActivity: com.conduitreactnative.Spla..., appPackage: com.conduitreactnative.qa, automationName: uiautomator2, deviceName: AutomationTesting, hub: http://localhost:4723/wd/hub, newCommandTimeout: 1000, platformName: Android, platformVersion: 11.0}}]
Capabilities {}). See below for more details.
starter.stepdefinitions.SuccessLoginStepDefinitions.givenUserIsOnLoginScreen(SuccessLoginStepDefinitions.java:25)
io.cucumber.java.Invoker.doInvoke(Invoker.java:66)
io.cucumber.java.Invoker.invoke(Invoker.java:24)
io.cucumber.java.AbstractGlueDefinition.invokeMethod(AbstractGlueDefinition.java:47)
io.cucumber.java.JavaStepDefinition.execute(JavaStepDefinition.java:29)
io.cucumber.core.runner.CoreStepDefinition.execute(CoreStepDefinition.java:66)
io.cucumber.core.runner.PickleStepDefinitionMatch.runStep(PickleStepDefinitionMatch.java:63)
io.cucumber.core.runner.TestStep.executeStep(TestStep.java:86)
io.cucumber.core.runner.TestStep.run(TestStep.java:57)
io.cucumber.core.runner.PickleStepTestStep.run(PickleStepTestStep.java:51)
io.cucumber.core.runner.TestCase.run(TestCase.java:95)
io.cucumber.core.runner.Runner.runPickle(Runner.java:75)
io.cucumber.core.runtime.CucumberExecutionContext.lambda$runTestCase$3(CucumberExecutionContext.java:110)
io.cucumber.core.runtime.RethrowingThrowableCollector.executeAndThrow(RethrowingThrowableCollector.java:23)
io.cucumber.core.runtime.CucumberExecutionContext.runTestCase(CucumberExecutionContext.java:110)
io.cucumber.junit.FeatureRunner.runChild(FeatureRunner.java:144)
io.cucumber.junit.FeatureRunner.runChild(FeatureRunner.java:28)
io.cucumber.junit.FeatureRunner.run(FeatureRunner.java:137)
io.cucumber.junit.CucumberSerenityRunner.runChild(CucumberSerenityRunner.java:259)
io.cucumber.junit.CucumberSerenityRunner.runChild(CucumberSerenityRunner.java:58)
worker.org.gradle.process.internal.worker.GradleWorkerMain.run(GradleWorkerMain.java:69)
worker.org.gradle.process.internal.worker.GradleWorkerMain.main(GradleWorkerMain.java:74)
</system-err></testcase><testcase name="Field Validations password"><error message="Could not instantiate new WebDriver instance of type class io.appium.java_client.AppiumDriver (Could not start a new session. Response code 500. Message: An unknown server-side error occurred while processing the command. Original error: Could not proxy command to the remote server. Original error: socket hang up&#10;Build info: version: '4.1.1', revision: 'e8fcc2cecf'&#10;System info: host: 'MacBook-Pro-de-MacBook.local', ip: 'fe80:0:0:0:e8:6f1a:a2f1:a05b%en0', os.name: 'Mac OS X', os.arch: 'x86_64', os.version: '13.3.1', java.version: '17.0.4.1'&#10;Driver info: io.appium.java_client.android.AndroidDriver&#10;Command: [null, newSession {capabilities=[{appium:appActivity=com.conduitreactnative.SplashActivity, appium:appPackage=com.conduitreactnative.qa, appium:automationName=uiautomator2, appium:deviceName=AutomationTesting, appium:hub=http://localhost:4723/wd/hub, appium:newCommandTimeout=1000, platformName=Android, appium:platformVersion=11.0}], desiredCapabilities=Capabilities {appActivity: com.conduitreactnative.Spla..., appPackage: com.conduitreactnative.qa, automationName: uiautomator2, deviceName: AutomationTesting, hub: http://localhost:4723/wd/hub, newCommandTimeout: 1000, platformName: Android, platformVersion: 11.0}}]&#10;Capabilities {}). See below for more details." type="net.thucydides.core.webdriver.DriverConfigurationError">Could not instantiate new WebDriver instance of type class io.appium.java_client.AppiumDriver (Could not start a new session. Response code 500. Message: An unknown server-side error occurred while processing the command. Original error: Could not proxy command to the remote server. Original error: socket hang up
Build info: version: '4.1.1', revision: 'e8fcc2cecf'
System info: host: 'MacBook-Pro-de-MacBook.local', ip: 'fe80:0:0:0:e8:6f1a:a2f1:a05b%en0', os.name: 'Mac OS X', os.arch: 'x86_64', os.version: '13.3.1', java.version: '17.0.4.1'
Driver info: io.appium.java_client.android.AndroidDriver
Command: [null, newSession {capabilities=[{appium:appActivity=com.conduitreactnative.SplashActivity, appium:appPackage=com.conduitreactnative.qa, appium:automationName=uiautomator2, appium:deviceName=AutomationTesting, appium:hub=http://localhost:4723/wd/hub, appium:newCommandTimeout=1000, platformName=Android, appium:platformVersion=11.0}], desiredCapabilities=Capabilities {appActivity: com.conduitreactnative.Spla..., appPackage: com.conduitreactnative.qa, automationName: uiautomator2, deviceName: AutomationTesting, hub: http://localhost:4723/wd/hub, newCommandTimeout: 1000, platformName: Android, platformVersion: 11.0}}]
Capabilities {}). See below for more details.</error><system-err>Could not instantiate new WebDriver instance of type class io.appium.java_client.AppiumDriver (Could not start a new session. Response code 500. Message: An unknown server-side error occurred while processing the command. Original error: Could not proxy command to the remote server. Original error: socket hang up
Build info: version: '4.1.1', revision: 'e8fcc2cecf'
System info: host: 'MacBook-Pro-de-MacBook.local', ip: 'fe80:0:0:0:e8:6f1a:a2f1:a05b%en0', os.name: 'Mac OS X', os.arch: 'x86_64', os.version: '13.3.1', java.version: '17.0.4.1'
Driver info: io.appium.java_client.android.AndroidDriver
Command: [null, newSession {capabilities=[{appium:appActivity=com.conduitreactnative.SplashActivity, appium:appPackage=com.conduitreactnative.qa, appium:automationName=uiautomator2, appium:deviceName=AutomationTesting, appium:hub=http://localhost:4723/wd/hub, appium:newCommandTimeout=1000, platformName=Android, appium:platformVersion=11.0}], desiredCapabilities=Capabilities {appActivity: com.conduitreactnative.Spla..., appPackage: com.conduitreactnative.qa, automationName: uiautomator2, deviceName: AutomationTesting, hub: http://localhost:4723/wd/hub, newCommandTimeout: 1000, platformName: Android, platformVersion: 11.0}}]
Capabilities {}). See below for more details.
starter.stepdefinitions.SuccessLoginStepDefinitions.givenUserIsOnLoginScreen(SuccessLoginStepDefinitions.java:25)
io.cucumber.java.Invoker.doInvoke(Invoker.java:66)
io.cucumber.java.Invoker.invoke(Invoker.java:24)
io.cucumber.java.AbstractGlueDefinition.invokeMethod(AbstractGlueDefinition.java:47)
io.cucumber.java.JavaStepDefinition.execute(JavaStepDefinition.java:29)
io.cucumber.core.runner.CoreStepDefinition.execute(CoreStepDefinition.java:66)
io.cucumber.core.runner.PickleStepDefinitionMatch.runStep(PickleStepDefinitionMatch.java:63)
io.cucumber.core.runner.TestStep.executeStep(TestStep.java:86)
io.cucumber.core.runner.TestStep.run(TestStep.java:57)
io.cucumber.core.runner.PickleStepTestStep.run(PickleStepTestStep.java:51)
io.cucumber.core.runner.TestCase.run(TestCase.java:95)
io.cucumber.core.runner.Runner.runPickle(Runner.java:75)
io.cucumber.core.runtime.CucumberExecutionContext.lambda$runTestCase$3(CucumberExecutionContext.java:110)
io.cucumber.core.runtime.RethrowingThrowableCollector.executeAndThrow(RethrowingThrowableCollector.java:23)
io.cucumber.core.runtime.CucumberExecutionContext.runTestCase(CucumberExecutionContext.java:110)
io.cucumber.junit.FeatureRunner.runChild(FeatureRunner.java:144)
io.cucumber.junit.FeatureRunner.runChild(FeatureRunner.java:28)
io.cucumber.junit.FeatureRunner.run(FeatureRunner.java:137)
io.cucumber.junit.CucumberSerenityRunner.runChild(CucumberSerenityRunner.java:259)
io.cucumber.junit.CucumberSerenityRunner.runChild(CucumberSerenityRunner.java:58)
worker.org.gradle.process.internal.worker.GradleWorkerMain.run(GradleWorkerMain.java:69)
worker.org.gradle.process.internal.worker.GradleWorkerMain.main(GradleWorkerMain.java:74)
</system-err></testcase><testcase name="Incorrect Login"><error message="Could not instantiate new WebDriver instance of type class io.appium.java_client.AppiumDriver (Could not start a new session. Response code 500. Message: An unknown server-side error occurred while processing the command. Original error: Could not proxy command to the remote server. Original error: socket hang up&#10;Build info: version: '4.1.1', revision: 'e8fcc2cecf'&#10;System info: host: 'MacBook-Pro-de-MacBook.local', ip: 'fe80:0:0:0:e8:6f1a:a2f1:a05b%en0', os.name: 'Mac OS X', os.arch: 'x86_64', os.version: '13.3.1', java.version: '17.0.4.1'&#10;Driver info: io.appium.java_client.android.AndroidDriver&#10;Command: [null, newSession {capabilities=[{appium:appActivity=com.conduitreactnative.SplashActivity, appium:appPackage=com.conduitreactnative.qa, appium:automationName=uiautomator2, appium:deviceName=AutomationTesting, appium:hub=http://localhost:4723/wd/hub, appium:newCommandTimeout=1000, platformName=Android, appium:platformVersion=11.0}], desiredCapabilities=Capabilities {appActivity: com.conduitreactnative.Spla..., appPackage: com.conduitreactnative.qa, automationName: uiautomator2, deviceName: AutomationTesting, hub: http://localhost:4723/wd/hub, newCommandTimeout: 1000, platformName: Android, platformVersion: 11.0}}]&#10;Capabilities {}). See below for more details." type="net.thucydides.core.webdriver.DriverConfigurationError">Could not instantiate new WebDriver instance of type class io.appium.java_client.AppiumDriver (Could not start a new session. Response code 500. Message: An unknown server-side error occurred while processing the command. Original error: Could not proxy command to the remote server. Original error: socket hang up
Build info: version: '4.1.1', revision: 'e8fcc2cecf'
System info: host: 'MacBook-Pro-de-MacBook.local', ip: 'fe80:0:0:0:e8:6f1a:a2f1:a05b%en0', os.name: 'Mac OS X', os.arch: 'x86_64', os.version: '13.3.1', java.version: '17.0.4.1'
Driver info: io.appium.java_client.android.AndroidDriver
Command: [null, newSession {capabilities=[{appium:appActivity=com.conduitreactnative.SplashActivity, appium:appPackage=com.conduitreactnative.qa, appium:automationName=uiautomator2, appium:deviceName=AutomationTesting, appium:hub=http://localhost:4723/wd/hub, appium:newCommandTimeout=1000, platformName=Android, appium:platformVersion=11.0}], desiredCapabilities=Capabilities {appActivity: com.conduitreactnative.Spla..., appPackage: com.conduitreactnative.qa, automationName: uiautomator2, deviceName: AutomationTesting, hub: http://localhost:4723/wd/hub, newCommandTimeout: 1000, platformName: Android, platformVersion: 11.0}}]
Capabilities {}). See below for more details.</error><system-err>Could not instantiate new WebDriver instance of type class io.appium.java_client.AppiumDriver (Could not start a new session. Response code 500. Message: An unknown server-side error occurred while processing the command. Original error: Could not proxy command to the remote server. Original error: socket hang up
Build info: version: '4.1.1', revision: 'e8fcc2cecf'
System info: host: 'MacBook-Pro-de-MacBook.local', ip: 'fe80:0:0:0:e8:6f1a:a2f1:a05b%en0', os.name: 'Mac OS X', os.arch: 'x86_64', os.version: '13.3.1', java.version: '17.0.4.1'
Driver info: io.appium.java_client.android.AndroidDriver
Command: [null, newSession {capabilities=[{appium:appActivity=com.conduitreactnative.SplashActivity, appium:appPackage=com.conduitreactnative.qa, appium:automationName=uiautomator2, appium:deviceName=AutomationTesting, appium:hub=http://localhost:4723/wd/hub, appium:newCommandTimeout=1000, platformName=Android, appium:platformVersion=11.0}], desiredCapabilities=Capabilities {appActivity: com.conduitreactnative.Spla..., appPackage: com.conduitreactnative.qa, automationName: uiautomator2, deviceName: AutomationTesting, hub: http://localhost:4723/wd/hub, newCommandTimeout: 1000, platformName: Android, platformVersion: 11.0}}]
Capabilities {}). See below for more details.
starter.stepdefinitions.SuccessLoginStepDefinitions.givenUserIsOnLoginScreen(SuccessLoginStepDefinitions.java:25)
io.cucumber.java.Invoker.doInvoke(Invoker.java:66)
io.cucumber.java.Invoker.invoke(Invoker.java:24)
io.cucumber.java.AbstractGlueDefinition.invokeMethod(AbstractGlueDefinition.java:47)
io.cucumber.java.JavaStepDefinition.execute(JavaStepDefinition.java:29)
io.cucumber.core.runner.CoreStepDefinition.execute(CoreStepDefinition.java:66)
io.cucumber.core.runner.PickleStepDefinitionMatch.runStep(PickleStepDefinitionMatch.java:63)
io.cucumber.core.runner.TestStep.executeStep(TestStep.java:86)
io.cucumber.core.runner.TestStep.run(TestStep.java:57)
io.cucumber.core.runner.PickleStepTestStep.run(PickleStepTestStep.java:51)
io.cucumber.core.runner.TestCase.run(TestCase.java:95)
io.cucumber.core.runner.Runner.runPickle(Runner.java:75)
io.cucumber.core.runtime.CucumberExecutionContext.lambda$runTestCase$3(CucumberExecutionContext.java:110)
io.cucumber.core.runtime.RethrowingThrowableCollector.executeAndThrow(RethrowingThrowableCollector.java:23)
io.cucumber.core.runtime.CucumberExecutionContext.runTestCase(CucumberExecutionContext.java:110)
io.cucumber.junit.FeatureRunner.runChild(FeatureRunner.java:144)
io.cucumber.junit.FeatureRunner.runChild(FeatureRunner.java:28)
io.cucumber.junit.FeatureRunner.run(FeatureRunner.java:137)
io.cucumber.junit.CucumberSerenityRunner.runChild(CucumberSerenityRunner.java:259)
io.cucumber.junit.CucumberSerenityRunner.runChild(CucumberSerenityRunner.java:58)
worker.org.gradle.process.internal.worker.GradleWorkerMain.run(GradleWorkerMain.java:69)
worker.org.gradle.process.internal.worker.GradleWorkerMain.main(GradleWorkerMain.java:74)
</system-err></testcase></testsuite>